
Running 4 tests using 4 workers

  ✘  3 [chromium] › tests/e2e/landing.spec.ts:91:7 › Mobile Layout › should adapt layout for mobile viewport (1.2s)
  ✓  1 [chromium] › tests/e2e/landing.spec.ts:134:7 › Accessibility › should have no accessibility violations (WCAG 2.1 AA) (3.0s)
  ✓  2 [chromium] › tests/e2e/landing.spec.ts:52:7 › Scroll Animation › should reveal Story section content on scroll (4.1s)
  ✓  4 [chromium] › tests/e2e/landing.spec.ts:11:7 › Form Submission Flow › should successfully submit consultation form (4.7s)


  1) [chromium] › tests/e2e/landing.spec.ts:91:7 › Mobile Layout › should adapt layout for mobile viewport 

    Error: [2mexpect([22m[31mreceived[39m[2m).[22mtoBeGreaterThan[2m([22m[32mexpected[39m[2m)[22m

    Expected: > [32m20[39m
    Received:   [31m16[39m

      103 |       return parseInt(window.getComputedStyle(el).fontSize);
      104 |     });
    > 105 |     expect(fontSize).toBeGreaterThan(20);
          |                      ^
      106 |     
      107 |     // Navigate to contact form
      108 |     await page.locator('#contact').scrollIntoViewIfNeeded();
        at /home/hwjoo/01-active-projects/test/didimdol-landing/tests/e2e/landing.spec.ts:105:22

    attachment #1: screenshot (image/png) ──────────────────────────────────────────────────────────
    test-results/landing-Mobile-Layout-shou-7d2e0--layout-for-mobile-viewport-chromium/test-failed-1.png
    ────────────────────────────────────────────────────────────────────────────────────────────────

    Error Context: test-results/landing-Mobile-Layout-shou-7d2e0--layout-for-mobile-viewport-chromium/error-context.md

  1 failed
    [chromium] › tests/e2e/landing.spec.ts:91:7 › Mobile Layout › should adapt layout for mobile viewport 
  3 passed (6.1s)
